<?xml version="1.0" encoding="UTF-8"?>
<!-- Generated by org.testng.reporters.JUnitXMLReporter -->
<testsuite hostname="DESKTOP-IC2J1DS" name="Test" tests="10" failures="0" timestamp="11 Jul 2019 07:36:54 GMT" time="188.511" errors="0">
  <testcase name="validateDealsLinkClick" time="1.623" classname="com.crm.qa.testcase.HomePageTest"/>
  <testcase name="validateNewContactLinkClick" time="2.604" classname="com.crm.qa.testcase.HomePageTest"/>
  <testcase name="validateHomePageTitleTest" time="0.015" classname="com.crm.qa.testcase.HomePageTest"/>
  <testcase name="validateContactLinkClick" time="1.727" classname="com.crm.qa.testcase.HomePageTest"/>
  <testcase name="insertNewConacts" time="3.97" classname="com.crm.qa.testcase.NewContactPageTest"/>
  <testcase name="insertNewConacts" time="3.663" classname="com.crm.qa.testcase.NewContactPageTest"/>
  <testcase name="insertNewConacts" time="3.906" classname="com.crm.qa.testcase.NewContactPageTest"/>
  <testcase name="crmLogoImageTest" time="0.091" classname="com.crm.qa.testcase.LoginPageTest"/>
  <testcase name="loginPageTitleTest" time="0.025" classname="com.crm.qa.testcase.LoginPageTest"/>
  <testcase name="loginTest" time="5.5" classname="com.crm.qa.testcase.LoginPageTest"/>
</testsuite> <!-- Test -->
