<?xml version="1.0" encoding="UTF-8"?>
<testng-results skipped="0" failed="0" total="1" passed="1">
  <reporter-output>
  </reporter-output>
  <suite name="Default suite" duration-ms="19830" started-at="2019-07-14T14:37:20Z" finished-at="2019-07-14T14:37:40Z">
    <groups>
    </groups>
    <test name="Default test" duration-ms="19830" started-at="2019-07-14T14:37:20Z" finished-at="2019-07-14T14:37:40Z">
      <class name="com.crm.qa.testcase.HomePageTest">
        <test-method status="PASS" signature="setUp()[pri:0, instance:com.crm.qa.testcase.HomePageTest@75bd9247]" name="setUp" is-config="true" duration-ms="15968" started-at="2019-07-14T20:07:20Z" finished-at="2019-07-14T20:07:36Z">
          <reporter-output>
          </reporter-output>
        </test-method> <!-- setUp -->
        <test-method status="PASS" signature="validateNewContactLinkClick()[pri:0, instance:com.crm.qa.testcase.HomePageTest@75bd9247]" name="validateNewContactLinkClick" duration-ms="3477" started-at="2019-07-14T20:07:36Z" finished-at="2019-07-14T20:07:40Z">
          <reporter-output>
          </reporter-output>
        </test-method> <!-- validateNewContactLinkClick -->
        <test-method status="PASS" signature="tearDown()[pri:0, instance:com.crm.qa.testcase.HomePageTest@75bd9247]" name="tearDown" is-config="true" duration-ms="374" started-at="2019-07-14T20:07:40Z" finished-at="2019-07-14T20:07:40Z">
          <reporter-output>
          </reporter-output>
        </test-method> <!-- tearDown -->
      </class> <!-- com.crm.qa.testcase.HomePageTest -->
    </test> <!-- Default test -->
  </suite> <!-- Default suite -->
</testng-results>
